[debug] [2024-01-19T14:51:55.203Z] ----------------------------------------------------------------------
[debug] [2024-01-19T14:51:55.204Z] Command:       C:\Program Files\nodejs\node.exe C:\Users\jahid\AppData\Roaming\npm\node_modules\firebase-tools\lib\bin\firebase.js deploy
[debug] [2024-01-19T14:51:55.205Z] CLI Version:   12.7.0
[debug] [2024-01-19T14:51:55.205Z] Platform:      win32
[debug] [2024-01-19T14:51:55.205Z] Node Version:  v20.5.1
[debug] [2024-01-19T14:51:55.205Z] Time:          Fri Jan 19 2024 20:51:55 GMT+0600 (Bangladesh Standard Time)
[debug] [2024-01-19T14:51:55.205Z] ----------------------------------------------------------------------
[debug] 
[debug] [2024-01-19T14:51:55.251Z] > command requires scopes: ["email","openid","https://www.googleapis.com/auth/cloudplatformprojects.readonly","https://www.googleapis.com/auth/firebase","https://www.googleapis.com/auth/cloud-platform"]
[debug] [2024-01-19T14:51:55.251Z] > authorizing via signed-in user (rakibalhasan249@gmail.com)
[debug] [2024-01-19T14:51:55.251Z] [iam] checking project quickfit-79d76 for permissions ["firebase.projects.get","firebasehosting.sites.update"]
[debug] [2024-01-19T14:51:55.253Z] >>> [apiv2][query] POST https://cloudresourcemanager.googleapis.com/v1/projects/quickfit-79d76:testIamPermissions [none]
[debug] [2024-01-19T14:51:55.253Z] >>> [apiv2][(partial)header] POST https://cloudresourcemanager.googleapis.com/v1/projects/quickfit-79d76:testIamPermissions x-goog-quota-user=projects/quickfit-79d76
[debug] [2024-01-19T14:51:55.253Z] >>> [apiv2][body] POST https://cloudresourcemanager.googleapis.com/v1/projects/quickfit-79d76:testIamPermissions {"permissions":["firebase.projects.get","firebasehosting.sites.update"]}
[debug] [2024-01-19T14:51:56.830Z] <<< [apiv2][status] POST https://cloudresourcemanager.googleapis.com/v1/projects/quickfit-79d76:testIamPermissions 200
[debug] [2024-01-19T14:51:56.830Z] <<< [apiv2][body] POST https://cloudresourcemanager.googleapis.com/v1/projects/quickfit-79d76:testIamPermissions {"permissions":["firebase.projects.get","firebasehosting.sites.update"]}
[debug] [2024-01-19T14:51:56.831Z] >>> [apiv2][query] GET https://firebase.googleapis.com/v1beta1/projects/quickfit-79d76 [none]
[debug] [2024-01-19T14:51:57.513Z] <<< [apiv2][status] GET https://firebase.googleapis.com/v1beta1/projects/quickfit-79d76 200
[debug] [2024-01-19T14:51:57.513Z] <<< [apiv2][body] GET https://firebase.googleapis.com/v1beta1/projects/quickfit-79d76 {"projectId":"quickfit-79d76","projectNumber":"126386038473","displayName":"quickFit","name":"projects/quickfit-79d76","resources":{"hostingSite":"quickfit-79d76"},"state":"ACTIVE","etag":"1_b9cea5b7-0bea-4dd7-a033-18f06195eb3b"}
[info] 
   Thank you for trying our early preview of Next.js support on Firebase Hosting.
   During the preview, support is best-effort and breaking changes can be expected. Proceed with caution.

   Documentation: https://firebase.google.com/docs/hosting/frameworks/nextjs
   File a bug: https://github.com/firebase/firebase-tools/issues/new?template=bug_report.md
   Submit a feature request: https://github.com/firebase/firebase-tools/issues/new?template=feature_request.md

   We'd love to learn from you. Express your interest in helping us shape the future of Firebase Hosting: https://goo.gle/41enW5X

[info]    ▲ Next.js 14.0.4

[info] 
   Creating an optimized production build ...

